78 11.7846998936
78 7.65194848458
78 5.03381826646
78 2.89129870027
78 1.27114046813
78 0.374633984727
78 0.0192930836756
78 5.27463276891e-05
78 8.14953999888
78 22.1942348751
78 3.30982754824
78 17.3545224245
78 5.56124865408
78 15.2383753449
78 2.21136315162
78 11.8884898424
78 2.97092556604
78 8.2287206311
78 1.13356825991
78 6.39136332497
78 1.30525628839
78 3.66843695144
78 0.46778333007
78 2.83096399312
78 0.128276378807
78 1.80363435453
78 0.0120213694125
78 0.289349163257
78 0.437392213824
78 1.25173440829
78 0.143735056726
78 0.95807725119
78 0.0322996402961
78 0.59087998505
78 0.00216844668162
78 0.0730631801197
78 0.0585141648468
78 0.171504079891
78 0.0168879600961
78 0.12987787514
78 0.00247373124147
78 0.0765711449732
78 7.53122859017e-05
78 0.0057757667273
78 0.00223007320375
78 0.00664466897392
78 0.000582513660837
78 0.00499710943101
78 5.01542097006e-05
78 0.00285175635014
78 0.000124733175902
78 11.7846998936
78 7.65194848458
78 5.03381826646
78 2.89129870027
78 1.27114046813
78 0.374633984727
78 0.0192930836756
78 5.27463276891e-05
78 8.14953999888
78 22.1942348751
78 3.30982754824
78 17.3545224245
78 5.56124865408
78 15.2383753449
78 2.21136315162
78 11.8884898424
78 2.97092556604
78 8.2287206311
78 1.13356825991
78 6.39136332497
78 1.30525628839
78 3.66843695144
78 0.46778333007
78 2.83096399312
78 0.128276378807
78 1.80363435453
78 0.0120213694125
78 0.289349163257
78 0.437392213824
78 1.25173440829
78 0.143735056726
78 0.95807725119
78 0.0322996402961
78 0.59087998505
78 0.00216844668162
78 0.0730631801197
78 0.0585141648468
78 0.171504079891
78 0.0168879600961
78 0.12987787514
78 0.00247373124147
78 0.0765711449732
78 7.53122859017e-05
78 0.0057757667273
78 0.00223007320375
78 0.00664466897392
78 0.000582513660837
78 0.00499710943101
78 5.01542097006e-05
78 0.00285175635014
78 0.000124733175902
73 11.707683987
73 7.58334145735
73 4.97958557876
73 2.85355745955
73 1.2492401923
73 0.365339101465
73 0.018432620693
73 4.83407786544e-05
73 7.96418434251
73 21.7755289653
73 3.22339715446
73 17.0347417772
73 5.42672393175
73 14.9242792828
73 2.1497996656
73 11.6473550166
73 2.89240202921
73 8.03759460554
73 1.09896389118
73 6.24415646751
73 1.26695188811
73 3.57124930563
73 0.451954327169
73 2.75625174469
73 0.122772529366
73 1.75519228479
73 0.0111292174914
73 0.280484297781
73 0.422722925213
73 1.21280602626
73 0.138269230915
73 0.928352331964
73 0.030707514968
73 0.572258187742
73 0.00198388585703
73 0.0703385338403
73 0.0560154201392
73 0.164446786353
73 0.0161114550299
73 0.124542821244
73 0.00232803135327
73 0.0734046133902
73 6.74621116108e-05
73 0.00550435773266
73 0.00209529225239
73 0.00624633490259
73 0.000546567518161
73 0.00469761016836
73 4.66561718635e-05
73 0.00268040010282
73 0.000116807713167
73 11.707683987
73 7.58334145735
73 4.97958557876
73 2.85355745955
73 1.2492401923
73 0.365339101465
73 0.018432620693
73 4.83407786544e-05
73 7.96418434251
73 21.7755289653
73 3.22339715446
73 17.0347417772
73 5.42672393175
73 14.9242792828
73 2.1497996656
73 11.6473550166
73 2.89240202921
73 8.03759460554
73 1.09896389118
73 6.24415646751
73 1.26695188811
73 3.57124930563
73 0.451954327169
73 2.75625174469
73 0.122772529366
73 1.75519228479
73 0.0111292174914
73 0.280484297781
73 0.422722925213
73 1.21280602626
73 0.138269230915
73 0.928352331964
73 0.030707514968
73 0.572258187742
73 0.00198388585703
73 0.0703385338403
73 0.0560154201392
73 0.164446786353
73 0.0161114550299
73 0.124542821244
73 0.00232803135327
73 0.0734046133902
73 6.74621116108e-05
73 0.00550435773266
73 0.00209529225239
73 0.00624633490259
73 0.000546567518161
73 0.00469761016836
73 4.66561718635e-05
73 0.00268040010282
73 0.000116807713167
73 11.5329889215
73 7.44739201849
73 4.87393659721
73 2.77864037544
73 1.20539038729
73 0.347049633401
73 0.0168100634214
73 4.06460248469e-05
73 7.61681843204
73 20.9644309901
73 3.06637175467
73 16.4139843127
73 5.17062521527
73 14.3257420606
73 2.03442683252
73 11.1895436778
73 2.7402189245
73 7.67514845961
73 1.03209693947
73 5.96702647458
73 1.19197276611
73 3.38464957467
73 0.420976699641
73 2.6136535082
73 0.112247593728
73 1.66397105476
73 0.00949307485569
73 0.265272899073
73 0.394041319822
73 1.13667057535
73 0.127661818082
73 0.87029107361
73 0.0276227350891
73 0.536170329203
73 0.00169649495295
73 0.0656518124854
73 0.0511867512412
73 0.15058897951
73 0.0146381449551
73 0.114040373224
73 0.00205623162789
73 0.0671644881321
73 5.73025753688e-05
73 0.00500172907848
73 0.00184001975035
73 0.0054870881476
73 0.000479126222191
73 0.00412619461944
73 4.03396364855e-05
73 0.00235319425083
73 0.000101735585325
73 11.5329889215
73 7.44739201849
73 4.87393659721
73 2.77864037544
73 1.20539038729
73 0.347049633401
73 0.0168100634214
73 4.06460248469e-05
73 7.61681843204
73 20.9644309901
73 3.06637175467
73 16.4139843127
73 5.17062521527
73 14.3257420606
73 2.03442683252
73 11.1895436778
73 2.7402189245
73 7.67514845961
73 1.03209693947
73 5.96702647458
73 1.19197276611
73 3.38464957467
73 0.420976699641
73 2.6136535082
73 0.112247593728
73 1.66397105476
73 0.00949307485569
73 0.265272899073
73 0.394041319822
73 1.13667057535
73 0.127661818082
73 0.87029107361
73 0.0276227350891
73 0.536170329203
73 0.00169649495295
73 0.0656518124854
73 0.0511867512412
73 0.15058897951
73 0.0146381449551
73 0.114040373224
73 0.00205623162789
73 0.0671644881321
73 5.73025753688e-05
73 0.00500172907848
73 0.00184001975035
73 0.0054870881476
73 0.000479126222191
73 0.00412619461944
73 4.03396364855e-05
73 0.00235319425083
73 0.000101735585325
73 11.5329889215
73 7.44739201849
73 4.87393659721
73 2.77864037544
73 1.20539038729
73 0.347049633401
73 0.0168100634214
73 4.06460248469e-05
73 7.61681843204
73 20.9644309901
73 3.06637175467
73 16.4139843127
73 5.17062521527
73 14.3257420606
73 2.03442683252
73 11.1895436778
73 2.7402189245
73 7.67514845961
73 1.03209693947
73 5.96702647458
73 1.19197276611
73 3.38464957467
73 0.420976699641
73 2.6136535082
73 0.112247593728
73 1.66397105476
73 0.00949307485569
73 0.265272899073
73 0.394041319822
73 1.13667057535
73 0.127661818082
73 0.87029107361
73 0.0276227350891
73 0.536170329203
73 0.00169649495295
73 0.0656518124854
73 0.0511867512412
73 0.15058897951
73 0.0146381449551
73 0.114040373224
73 0.00205623162789
73 0.0671644881321
73 5.73025753688e-05
73 0.00500172907848
73 0.00184001975035
73 0.0054870881476
73 0.000479126222191
73 0.00412619461944
73 4.03396364855e-05
73 0.00235319425083
73 0.000101735585325
73 11.5329889215
73 7.44739201849
73 4.87393659721
73 2.77864037544
73 1.20539038729
73 0.347049633401
73 0.0168100634214
73 4.06460248469e-05
73 7.61681843204
73 20.9644309901
73 3.06637175467
73 16.4139843127
73 5.17062521527
73 14.3257420606
73 2.03442683252
73 11.1895436778
73 2.7402189245
73 7.67514845961
73 1.03209693947
73 5.96702647458
73 1.19197276611
73 3.38464957467
73 0.420976699641
73 2.6136535082
73 0.112247593728
73 1.66397105476
73 0.00949307485569
73 0.265272899073
73 0.394041319822
73 1.13667057535
73 0.127661818082
73 0.87029107361
73 0.0276227350891
73 0.536170329203
73 0.00169649495295
73 0.0656518124854
73 0.0511867512412
73 0.15058897951
73 0.0146381449551
73 0.114040373224
73 0.00205623162789
73 0.0671644881321
73 5.73025753688e-05
73 0.00500172907848
73 0.00184001975035
73 0.0054870881476
73 0.000479126222191
73 0.00412619461944
73 4.03396364855e-05
73 0.00235319425083
73 0.000101735585325
73 11.707683987
73 7.58334145735
73 4.97958557876
73 2.85355745955
73 1.2492401923
73 0.365339101465
73 0.018432620693
73 4.83407786544e-05
73 7.96418434251
73 21.7755289653
73 3.22339715446
73 17.0347417772
73 5.42672393175
73 14.9242792828
73 2.1497996656
73 11.6473550166
73 2.89240202921
73 8.03759460554
73 1.09896389118
73 6.24415646751
73 1.26695188811
73 3.57124930563
73 0.451954327169
73 2.75625174469
73 0.122772529366
73 1.75519228479
73 0.0111292174914
73 0.280484297781
73 0.422722925213
73 1.21280602626
73 0.138269230915
73 0.928352331964
73 0.030707514968
73 0.572258187742
73 0.00198388585703
73 0.0703385338403
73 0.0560154201392
73 0.164446786353
73 0.0161114550299
73 0.124542821244
73 0.00232803135327
73 0.0734046133902
73 6.74621116108e-05
73 0.00550435773266
73 0.00209529225239
73 0.00624633490259
73 0.000546567518161
73 0.00469761016836
73 4.66561718635e-05
73 0.00268040010282
73 0.000116807713167
73 11.707683987
73 7.58334145735
73 4.97958557876
73 2.85355745955
73 1.2492401923
73 0.365339101465
73 0.018432620693
73 4.83407786544e-05
73 7.96418434251
73 21.7755289653
73 3.22339715446
73 17.0347417772
73 5.42672393175
73 14.9242792828
73 2.1497996656
73 11.6473550166
73 2.89240202921
73 8.03759460554
73 1.09896389118
73 6.24415646751
73 1.26695188811
73 3.57124930563
73 0.451954327169
73 2.75625174469
73 0.122772529366
73 1.75519228479
73 0.0111292174914
73 0.280484297781
73 0.422722925213
73 1.21280602626
73 0.138269230915
73 0.928352331964
73 0.030707514968
73 0.572258187742
73 0.00198388585703
73 0.0703385338403
73 0.0560154201392
73 0.164446786353
73 0.0161114550299
73 0.124542821244
73 0.00232803135327
73 0.0734046133902
73 6.74621116108e-05
73 0.00550435773266
73 0.00209529225239
73 0.00624633490259
73 0.000546567518161
73 0.00469761016836
73 4.66561718635e-05
73 0.00268040010282
73 0.000116807713167
